<?xml version="1.0" encoding="UTF-8"?>
<!-- Generated by org.testng.reporters.JUnitReportReporter -->
<testsuite hostname="PW0A9VND" failures="0" tests="6" name="userRequestTest" time="14.546" errors="0" timestamp="17 Oct 2024 04:01:03 GMT" skipped="0">
  <testcase classname="userRequestTest" name="createUser" time="5.591"/>
  <testcase classname="userRequestTest" name="getUser" time="1.924"/>
  <testcase classname="userRequestTest" name="updateUser" time="1.600"/>
  <testcase classname="userRequestTest" name="loginUser" time="1.974"/>
  <testcase classname="userRequestTest" name="deleteUser" time="1.724"/>
  <testcase classname="userRequestTest" name="logoutUser" time="1.733"/>
</testsuite> <!-- userRequestTest -->
