<?xml version="1.0" encoding="UTF-8"?>
<!-- Generated by org.testng.reporters.JUnitReportReporter -->
<testsuite hostname="PW0A9VND" failures="0" tests="5" name="petRequestTest" time="10.890" errors="0" timestamp="10 Oct 2024 10:26:03 GMT" skipped="0">
  <testcase classname="petRequestTest" name="addPetTest" time="4.577"/>
  <testcase classname="petRequestTest" name="findPertByIdTest" time="1.581"/>
  <testcase classname="petRequestTest" name="updatePetTest" time="1.518"/>
  <testcase classname="petRequestTest" name="findPetByStatusTest" time="1.647"/>
  <testcase classname="petRequestTest" name="deletePetTest" time="1.567"/>
</testsuite> <!-- petRequestTest -->
